22:56:44  INFO      ================================================================================
22:56:44  INFO       M5.5 Text Fusion and Rank-1 Reranking
22:56:44  INFO      ================================================================================
22:56:44  INFO      Loading corpus...
22:56:44  INFO      Duplicate mapping loaded: 3458 hashes, 3766 total rows
22:56:44  INFO      --- Recomputing B1, B2, D1, D2 ---
22:56:44  INFO      Running B1 (BM25 Caption)...
22:58:12  INFO      Running B2 (BM25 Cap+Ctx)...
23:00:45  INFO      Loading BAAI/bge-base-en-v1.5 for D1/D2...
23:00:46  INFO      HTTP Request: HEAD https://huggingface.co/BAAI/bge-base-en-v1.5/resolve/main/modules.json "HTTP/1.1 307 Temporary Redirect"
23:00:46  INFO      HTTP Request: HEAD https://huggingface.co/api/resolve-cache/models/BAAI/bge-base-en-v1.5/a5beb1e3e68b9ab74eb54cfd186867f64f240e1a/modules.json "HTTP/1.1 200 OK"
23:00:46  INFO      HTTP Request: HEAD https://huggingface.co/BAAI/bge-base-en-v1.5/resolve/main/config_sentence_transformers.json "HTTP/1.1 307 Temporary Redirect"
23:00:46  INFO      HTTP Request: HEAD https://huggingface.co/api/resolve-cache/models/BAAI/bge-base-en-v1.5/a5beb1e3e68b9ab74eb54cfd186867f64f240e1a/config_sentence_transformers.json "HTTP/1.1 200 OK"
23:00:46  INFO      Loading SentenceTransformer model from BAAI/bge-base-en-v1.5.
23:00:46  INFO      HTTP Request: HEAD https://huggingface.co/BAAI/bge-base-en-v1.5/resolve/main/config_sentence_transformers.json "HTTP/1.1 307 Temporary Redirect"
23:00:46  INFO      HTTP Request: HEAD https://huggingface.co/api/resolve-cache/models/BAAI/bge-base-en-v1.5/a5beb1e3e68b9ab74eb54cfd186867f64f240e1a/config_sentence_transformers.json "HTTP/1.1 200 OK"
23:00:47  INFO      HTTP Request: HEAD https://huggingface.co/BAAI/bge-base-en-v1.5/resolve/main/README.md "HTTP/1.1 307 Temporary Redirect"
23:00:47  INFO      HTTP Request: HEAD https://huggingface.co/api/resolve-cache/models/BAAI/bge-base-en-v1.5/a5beb1e3e68b9ab74eb54cfd186867f64f240e1a/README.md "HTTP/1.1 200 OK"
23:00:47  INFO      HTTP Request: HEAD https://huggingface.co/BAAI/bge-base-en-v1.5/resolve/main/modules.json "HTTP/1.1 307 Temporary Redirect"
23:00:47  INFO      HTTP Request: HEAD https://huggingface.co/api/resolve-cache/models/BAAI/bge-base-en-v1.5/a5beb1e3e68b9ab74eb54cfd186867f64f240e1a/modules.json "HTTP/1.1 200 OK"
23:00:47  INFO      HTTP Request: HEAD https://huggingface.co/BAAI/bge-base-en-v1.5/resolve/main/sentence_bert_config.json "HTTP/1.1 307 Temporary Redirect"
23:00:47  INFO      HTTP Request: HEAD https://huggingface.co/api/resolve-cache/models/BAAI/bge-base-en-v1.5/a5beb1e3e68b9ab74eb54cfd186867f64f240e1a/sentence_bert_config.json "HTTP/1.1 200 OK"
23:00:47  INFO      HTTP Request: HEAD https://huggingface.co/BAAI/bge-base-en-v1.5/resolve/main/adapter_config.json "HTTP/1.1 404 Not Found"
23:00:48  INFO      HTTP Request: HEAD https://huggingface.co/BAAI/bge-base-en-v1.5/resolve/main/config.json "HTTP/1.1 307 Temporary Redirect"
23:00:48  INFO      HTTP Request: HEAD https://huggingface.co/api/resolve-cache/models/BAAI/bge-base-en-v1.5/a5beb1e3e68b9ab74eb54cfd186867f64f240e1a/config.json "HTTP/1.1 200 OK"
23:00:48  INFO      HTTP Request: HEAD https://huggingface.co/BAAI/bge-base-en-v1.5/resolve/main/config.json "HTTP/1.1 307 Temporary Redirect"
23:00:48  INFO      HTTP Request: HEAD https://huggingface.co/api/resolve-cache/models/BAAI/bge-base-en-v1.5/a5beb1e3e68b9ab74eb54cfd186867f64f240e1a/config.json "HTTP/1.1 200 OK"
23:00:49  INFO      HTTP Request: HEAD https://huggingface.co/BAAI/bge-base-en-v1.5/resolve/main/processor_config.json "HTTP/1.1 404 Not Found"
23:00:49  INFO      HTTP Request: HEAD https://huggingface.co/BAAI/bge-base-en-v1.5/resolve/main/preprocessor_config.json "HTTP/1.1 404 Not Found"
23:00:49  INFO      HTTP Request: HEAD https://huggingface.co/BAAI/bge-base-en-v1.5/resolve/main/video_preprocessor_config.json "HTTP/1.1 404 Not Found"
23:00:49  INFO      HTTP Request: HEAD https://huggingface.co/BAAI/bge-base-en-v1.5/resolve/main/preprocessor_config.json "HTTP/1.1 404 Not Found"
23:00:50  INFO      HTTP Request: HEAD https://huggingface.co/BAAI/bge-base-en-v1.5/resolve/main/tokenizer_config.json "HTTP/1.1 307 Temporary Redirect"
23:00:50  INFO      HTTP Request: HEAD https://huggingface.co/api/resolve-cache/models/BAAI/bge-base-en-v1.5/a5beb1e3e68b9ab74eb54cfd186867f64f240e1a/tokenizer_config.json "HTTP/1.1 200 OK"
23:00:50  INFO      HTTP Request: HEAD https://huggingface.co/BAAI/bge-base-en-v1.5/resolve/main/config.json "HTTP/1.1 307 Temporary Redirect"
23:00:50  INFO      HTTP Request: HEAD https://huggingface.co/api/resolve-cache/models/BAAI/bge-base-en-v1.5/a5beb1e3e68b9ab74eb54cfd186867f64f240e1a/config.json "HTTP/1.1 200 OK"
23:00:50  INFO      HTTP Request: HEAD https://huggingface.co/BAAI/bge-base-en-v1.5/resolve/main/config.json "HTTP/1.1 307 Temporary Redirect"
23:00:50  INFO      HTTP Request: HEAD https://huggingface.co/api/resolve-cache/models/BAAI/bge-base-en-v1.5/a5beb1e3e68b9ab74eb54cfd186867f64f240e1a/config.json "HTTP/1.1 200 OK"
23:00:51  INFO      HTTP Request: HEAD https://huggingface.co/BAAI/bge-base-en-v1.5/resolve/main/tokenizer_config.json "HTTP/1.1 307 Temporary Redirect"
23:00:51  INFO      HTTP Request: HEAD https://huggingface.co/api/resolve-cache/models/BAAI/bge-base-en-v1.5/a5beb1e3e68b9ab74eb54cfd186867f64f240e1a/tokenizer_config.json "HTTP/1.1 200 OK"
23:00:51  INFO      HTTP Request: GET https://huggingface.co/api/models/BAAI/bge-base-en-v1.5/tree/main/additional_chat_templates?recursive=false&expand=false "HTTP/1.1 404 Not Found"
23:00:51  INFO      HTTP Request: GET https://huggingface.co/api/models/BAAI/bge-base-en-v1.5/tree/main?recursive=true&expand=false "HTTP/1.1 200 OK"
23:00:52  INFO      HTTP Request: HEAD https://huggingface.co/BAAI/bge-base-en-v1.5/resolve/main/1_Pooling/config.json "HTTP/1.1 307 Temporary Redirect"
23:00:52  INFO      HTTP Request: HEAD https://huggingface.co/api/resolve-cache/models/BAAI/bge-base-en-v1.5/a5beb1e3e68b9ab74eb54cfd186867f64f240e1a/1_Pooling%2Fconfig.json "HTTP/1.1 200 OK"
23:00:52  INFO      HTTP Request: GET https://huggingface.co/api/models/BAAI/bge-base-en-v1.5 "HTTP/1.1 200 OK"
23:00:53  INFO      Running D1 (BGE Caption)...
23:00:53  INFO      Encoding 3766 corpus docs...
23:00:54  INFO      Encoding 3766 queries...
23:00:55  INFO      Encoding 3766 corpus docs...
23:00:56  INFO      Encoding 3766 queries...
23:00:57  INFO      Encoding 3766 corpus docs...
23:00:57  INFO      Encoding 3542 queries...
23:00:59  INFO      Running D2 (BGE Cap+Ctx)...
23:00:59  INFO      Encoding 3766 corpus docs...
23:01:06  INFO      Encoding 3766 queries...
23:01:07  INFO      Encoding 3766 corpus docs...
23:01:14  INFO      Encoding 3766 queries...
23:01:15  INFO      Encoding 3766 corpus docs...
23:01:22  INFO      Encoding 3542 queries...
23:01:25  INFO      --- Running Fusion Variants ---
23:01:38  INFO      --- Reranking Phase ---
23:01:38  INFO      Loading CrossEncoder: BAAI/bge-reranker-base
23:01:38  INFO      HTTP Request: HEAD https://huggingface.co/BAAI/bge-reranker-base/resolve/main/modules.json "HTTP/1.1 404 Not Found"
23:01:38  INFO      No modules.json found for BAAI/bge-reranker-base, initializing a new CrossEncoder model.
23:01:38  INFO      HTTP Request: GET https://huggingface.co/api/models/BAAI/bge-reranker-base "HTTP/1.1 200 OK"
23:01:39  INFO      HTTP Request: HEAD https://huggingface.co/BAAI/bge-reranker-base/resolve/main/config.json "HTTP/1.1 307 Temporary Redirect"
23:01:39  INFO      HTTP Request: HEAD https://huggingface.co/api/resolve-cache/models/BAAI/bge-reranker-base/2cfc18c9415c912f9d8155881c133215df768a70/config.json "HTTP/1.1 200 OK"
23:01:39  INFO      HTTP Request: GET https://huggingface.co/api/resolve-cache/models/BAAI/bge-reranker-base/2cfc18c9415c912f9d8155881c133215df768a70/config.json "HTTP/1.1 200 OK"
23:01:39  INFO      HTTP Request: HEAD https://huggingface.co/BAAI/bge-reranker-base/resolve/main/adapter_config.json "HTTP/1.1 404 Not Found"
23:01:40  INFO      HTTP Request: HEAD https://huggingface.co/BAAI/bge-reranker-base/resolve/main/config.json "HTTP/1.1 307 Temporary Redirect"
23:01:40  INFO      HTTP Request: HEAD https://huggingface.co/api/resolve-cache/models/BAAI/bge-reranker-base/2cfc18c9415c912f9d8155881c133215df768a70/config.json "HTTP/1.1 200 OK"
23:01:40  INFO      HTTP Request: HEAD https://huggingface.co/BAAI/bge-reranker-base/resolve/main/config.json "HTTP/1.1 307 Temporary Redirect"
23:01:40  INFO      HTTP Request: HEAD https://huggingface.co/api/resolve-cache/models/BAAI/bge-reranker-base/2cfc18c9415c912f9d8155881c133215df768a70/config.json "HTTP/1.1 200 OK"
23:01:40  INFO      HTTP Request: HEAD https://huggingface.co/BAAI/bge-reranker-base/resolve/main/model.safetensors "HTTP/1.1 302 Found"
23:01:41  INFO      HTTP Request: GET https://huggingface.co/api/models/BAAI/bge-reranker-base/xet-read-token/2cfc18c9415c912f9d8155881c133215df768a70 "HTTP/1.1 200 OK"
23:01:57  INFO      HTTP Request: HEAD https://huggingface.co/BAAI/bge-reranker-base/resolve/main/processor_config.json "HTTP/1.1 404 Not Found"
23:01:57  INFO      HTTP Request: HEAD https://huggingface.co/BAAI/bge-reranker-base/resolve/main/preprocessor_config.json "HTTP/1.1 404 Not Found"
23:01:57  INFO      HTTP Request: HEAD https://huggingface.co/BAAI/bge-reranker-base/resolve/main/video_preprocessor_config.json "HTTP/1.1 404 Not Found"
23:01:58  INFO      HTTP Request: HEAD https://huggingface.co/BAAI/bge-reranker-base/resolve/main/preprocessor_config.json "HTTP/1.1 404 Not Found"
23:01:58  INFO      HTTP Request: HEAD https://huggingface.co/BAAI/bge-reranker-base/resolve/main/tokenizer_config.json "HTTP/1.1 307 Temporary Redirect"
23:01:58  INFO      HTTP Request: HEAD https://huggingface.co/api/resolve-cache/models/BAAI/bge-reranker-base/2cfc18c9415c912f9d8155881c133215df768a70/tokenizer_config.json "HTTP/1.1 200 OK"
23:01:58  INFO      HTTP Request: GET https://huggingface.co/api/resolve-cache/models/BAAI/bge-reranker-base/2cfc18c9415c912f9d8155881c133215df768a70/tokenizer_config.json "HTTP/1.1 200 OK"
23:01:59  INFO      HTTP Request: HEAD https://huggingface.co/BAAI/bge-reranker-base/resolve/main/config.json "HTTP/1.1 307 Temporary Redirect"
23:01:59  INFO      HTTP Request: HEAD https://huggingface.co/api/resolve-cache/models/BAAI/bge-reranker-base/2cfc18c9415c912f9d8155881c133215df768a70/config.json "HTTP/1.1 200 OK"
23:01:59  INFO      HTTP Request: HEAD https://huggingface.co/BAAI/bge-reranker-base/resolve/main/config.json "HTTP/1.1 307 Temporary Redirect"
23:01:59  INFO      HTTP Request: HEAD https://huggingface.co/api/resolve-cache/models/BAAI/bge-reranker-base/2cfc18c9415c912f9d8155881c133215df768a70/config.json "HTTP/1.1 200 OK"
23:01:59  INFO      HTTP Request: HEAD https://huggingface.co/BAAI/bge-reranker-base/resolve/main/tokenizer_config.json "HTTP/1.1 307 Temporary Redirect"
23:01:59  INFO      HTTP Request: HEAD https://huggingface.co/api/resolve-cache/models/BAAI/bge-reranker-base/2cfc18c9415c912f9d8155881c133215df768a70/tokenizer_config.json "HTTP/1.1 200 OK"
23:02:00  INFO      HTTP Request: GET https://huggingface.co/api/models/BAAI/bge-reranker-base/tree/main/additional_chat_templates?recursive=false&expand=false "HTTP/1.1 404 Not Found"
23:02:00  INFO      HTTP Request: GET https://huggingface.co/api/models/BAAI/bge-reranker-base/tree/main?recursive=true&expand=false "HTTP/1.1 200 OK"
23:02:00  INFO      HTTP Request: HEAD https://huggingface.co/BAAI/bge-reranker-base/resolve/main/sentencepiece.bpe.model "HTTP/1.1 302 Found"
23:02:01  INFO      HTTP Request: HEAD https://huggingface.co/BAAI/bge-reranker-base/resolve/main/tokenizer.json "HTTP/1.1 302 Found"
23:02:02  INFO      HTTP Request: HEAD https://huggingface.co/BAAI/bge-reranker-base/resolve/main/added_tokens.json "HTTP/1.1 404 Not Found"
23:02:02  INFO      HTTP Request: HEAD https://huggingface.co/BAAI/bge-reranker-base/resolve/main/special_tokens_map.json "HTTP/1.1 307 Temporary Redirect"
23:02:02  INFO      HTTP Request: HEAD https://huggingface.co/api/resolve-cache/models/BAAI/bge-reranker-base/2cfc18c9415c912f9d8155881c133215df768a70/special_tokens_map.json "HTTP/1.1 200 OK"
23:02:02  INFO      HTTP Request: GET https://huggingface.co/api/resolve-cache/models/BAAI/bge-reranker-base/2cfc18c9415c912f9d8155881c133215df768a70/special_tokens_map.json "HTTP/1.1 200 OK"
23:02:03  INFO      HTTP Request: HEAD https://huggingface.co/BAAI/bge-reranker-base/resolve/main/chat_template.jinja "HTTP/1.1 404 Not Found"
23:02:06  INFO      HTTP Request: GET https://huggingface.co/api/models/BAAI/bge-reranker-base "HTTP/1.1 200 OK"
23:02:06  INFO      Reranking union_top20_rerank for Q1...
23:11:13  INFO      Reranking union_top20_rerank for Q2...
23:20:30  INFO      Reranking union_top20_rerank for Q3...
23:29:21  INFO      Reranking union_top50_rerank for Q1...
23:50:39  INFO      Reranking union_top50_rerank for Q2...
00:12:16  INFO      Reranking union_top50_rerank for Q3...
00:32:57  INFO      Done! Results saved to /DATA5/prabhakar/telecom_retrieval/reports/m55_text_fusion_rerank_results.json
