01:42:32  INFO      ======================================================================
01:42:32  INFO        Milestone 6a — OCR Baselines
01:42:32  INFO      ======================================================================
01:42:33  INFO      Starting/resuming OCR extraction...
01:42:33  INFO      Need to extract OCR for 3766 images.
01:43:00  INFO      Processed 100/3766 images. Avg time: 0.250s. Saving checkpoint...
01:43:34  INFO      Processed 200/3766 images. Avg time: 0.297s. Saving checkpoint...
01:44:06  INFO      Processed 300/3766 images. Avg time: 0.303s. Saving checkpoint...
01:44:48  INFO      Processed 400/3766 images. Avg time: 0.333s. Saving checkpoint...
01:45:32  INFO      Processed 500/3766 images. Avg time: 0.354s. Saving checkpoint...
01:45:59  INFO      Processed 600/3766 images. Avg time: 0.341s. Saving checkpoint...
01:46:28  INFO      Processed 700/3766 images. Avg time: 0.333s. Saving checkpoint...
01:47:09  INFO      Processed 800/3766 images. Avg time: 0.342s. Saving checkpoint...
01:47:42  INFO      Processed 900/3766 images. Avg time: 0.342s. Saving checkpoint...
01:48:24  INFO      Processed 1000/3766 images. Avg time: 0.349s. Saving checkpoint...
01:48:54  INFO      Processed 1100/3766 images. Avg time: 0.345s. Saving checkpoint...
01:49:25  INFO      Processed 1200/3766 images. Avg time: 0.341s. Saving checkpoint...
01:49:58  INFO      Processed 1300/3766 images. Avg time: 0.341s. Saving checkpoint...
01:50:27  INFO      Processed 1400/3766 images. Avg time: 0.337s. Saving checkpoint...
01:50:51  INFO      Processed 1500/3766 images. Avg time: 0.331s. Saving checkpoint...
01:51:35  INFO      Processed 1600/3766 images. Avg time: 0.338s. Saving checkpoint...
01:52:13  INFO      Processed 1700/3766 images. Avg time: 0.340s. Saving checkpoint...
01:52:38  INFO      Processed 1800/3766 images. Avg time: 0.335s. Saving checkpoint...
01:53:14  INFO      Processed 1900/3766 images. Avg time: 0.336s. Saving checkpoint...
01:53:41  INFO      Processed 2000/3766 images. Avg time: 0.333s. Saving checkpoint...
01:54:08  INFO      Processed 2100/3766 images. Avg time: 0.330s. Saving checkpoint...
01:54:41  INFO      Processed 2200/3766 images. Avg time: 0.330s. Saving checkpoint...
01:55:09  INFO      Processed 2300/3766 images. Avg time: 0.328s. Saving checkpoint...
01:55:41  INFO      Processed 2400/3766 images. Avg time: 0.328s. Saving checkpoint...
01:56:09  INFO      Processed 2500/3766 images. Avg time: 0.326s. Saving checkpoint...
01:56:37  INFO      Processed 2600/3766 images. Avg time: 0.324s. Saving checkpoint...
01:57:00  INFO      Processed 2700/3766 images. Avg time: 0.320s. Saving checkpoint...
01:57:29  INFO      Processed 2800/3766 images. Avg time: 0.319s. Saving checkpoint...
01:58:18  INFO      Processed 2900/3766 images. Avg time: 0.325s. Saving checkpoint...
01:58:44  INFO      Processed 3000/3766 images. Avg time: 0.323s. Saving checkpoint...
01:59:05  INFO      Processed 3100/3766 images. Avg time: 0.319s. Saving checkpoint...
01:59:46  INFO      Processed 3200/3766 images. Avg time: 0.322s. Saving checkpoint...
02:00:16  INFO      Processed 3300/3766 images. Avg time: 0.322s. Saving checkpoint...
02:00:43  INFO      Processed 3400/3766 images. Avg time: 0.320s. Saving checkpoint...
02:01:09  INFO      Processed 3500/3766 images. Avg time: 0.318s. Saving checkpoint...
02:01:44  INFO      Processed 3600/3766 images. Avg time: 0.319s. Saving checkpoint...
02:02:06  INFO      Processed 3700/3766 images. Avg time: 0.317s. Saving checkpoint...
02:02:34  INFO      Extraction completed.
02:02:34  INFO      Building quality report...
02:02:34  INFO      Quality report saved to /DATA5/prabhakar/telecom_retrieval/reports/m6_ocr_quality_report.json
02:02:35  INFO      Duplicate mapping loaded: 3458 hashes, 3766 total rows
02:02:35  INFO      Experiment: ocr_only
02:02:57  INFO        Q1: R@1=0.1745 MRR@10=0.2580 dupMRR@10=0.2703
02:03:30  INFO        Q2: R@1=0.1352 MRR@10=0.2097 dupMRR@10=0.2197
02:04:23  INFO        Q3: R@1=0.1166 MRR@10=0.1816 dupMRR@10=0.1901
02:04:24  INFO      Experiment: caption_ocr
02:04:46  INFO        Q1: R@1=0.6577 MRR@10=0.7870 dupMRR@10=0.8153
02:05:22  INFO        Q2: R@1=0.5685 MRR@10=0.7077 dupMRR@10=0.7319
02:06:18  INFO        Q3: R@1=0.2840 MRR@10=0.3949 dupMRR@10=0.4109
02:06:18  INFO      Experiment: capctx_ocr
02:06:49  INFO        Q1: R@1=0.6447 MRR@10=0.7764 dupMRR@10=0.8083
02:07:37  INFO        Q2: R@1=0.5250 MRR@10=0.6623 dupMRR@10=0.6909
02:08:52  INFO        Q3: R@1=0.6191 MRR@10=0.7541 dupMRR@10=0.7778
02:08:52  INFO      Finished M6a.
