23:31:17  INFO      ======================================================================
23:31:17  INFO        Milestone 3 — Dense Semantic Baselines  (BGE-base-en-v1.5)
23:31:17  INFO      ======================================================================
23:31:17  INFO      Device: cuda  (GPUs available: 4)
23:31:17  INFO      Loading corpus from /DATA1/prabhakar/telecom/All Images Path.csv
23:31:17  INFO      Corpus: 3766 rows, cols: ['Context', 'Source', 'Subclause', 'Image Path', 'Image Caption']
23:31:17  INFO      D1 corpus (Caption only)   : 3766 documents
23:31:17  INFO      D2 corpus (Caption+Context): 3766 documents
23:31:17  INFO      Loading query set: /DATA5/prabhakar/telecom_retrieval/queries/q1_captions.json
23:31:17  INFO        3766 queries  (set=Q1)
23:31:17  INFO      Loading query set: /DATA5/prabhakar/telecom_retrieval/queries/q2_paraphrased.json
23:31:17  INFO        3766 queries  (set=Q2)
23:31:17  INFO      Loading query set: /DATA5/prabhakar/telecom_retrieval/queries/q3_context.json
23:31:17  INFO        3542 queries  (set=Q3)
23:31:17  INFO      Loading duplicate mapping …
23:31:17  INFO      Duplicate mapping loaded: 3458 hashes, 3766 total rows
23:31:17  INFO      Loading model: BAAI/bge-base-en-v1.5  (device=cuda)
23:31:17  INFO      HTTP Request: HEAD https://huggingface.co/BAAI/bge-base-en-v1.5/resolve/main/modules.json "HTTP/1.1 307 Temporary Redirect"
23:31:17  INFO      HTTP Request: HEAD https://huggingface.co/api/resolve-cache/models/BAAI/bge-base-en-v1.5/a5beb1e3e68b9ab74eb54cfd186867f64f240e1a/modules.json "HTTP/1.1 200 OK"
23:31:18  INFO      HTTP Request: GET https://huggingface.co/api/resolve-cache/models/BAAI/bge-base-en-v1.5/a5beb1e3e68b9ab74eb54cfd186867f64f240e1a/modules.json "HTTP/1.1 200 OK"
23:31:18  INFO      HTTP Request: HEAD https://huggingface.co/BAAI/bge-base-en-v1.5/resolve/main/config_sentence_transformers.json "HTTP/1.1 307 Temporary Redirect"
23:31:18  INFO      HTTP Request: HEAD https://huggingface.co/api/resolve-cache/models/BAAI/bge-base-en-v1.5/a5beb1e3e68b9ab74eb54cfd186867f64f240e1a/config_sentence_transformers.json "HTTP/1.1 200 OK"
23:31:19  INFO      HTTP Request: GET https://huggingface.co/api/resolve-cache/models/BAAI/bge-base-en-v1.5/a5beb1e3e68b9ab74eb54cfd186867f64f240e1a/config_sentence_transformers.json "HTTP/1.1 200 OK"
23:31:19  INFO      Loading SentenceTransformer model from BAAI/bge-base-en-v1.5.
23:31:19  INFO      HTTP Request: HEAD https://huggingface.co/BAAI/bge-base-en-v1.5/resolve/main/config_sentence_transformers.json "HTTP/1.1 307 Temporary Redirect"
23:31:19  INFO      HTTP Request: HEAD https://huggingface.co/api/resolve-cache/models/BAAI/bge-base-en-v1.5/a5beb1e3e68b9ab74eb54cfd186867f64f240e1a/config_sentence_transformers.json "HTTP/1.1 200 OK"
23:31:19  INFO      HTTP Request: HEAD https://huggingface.co/BAAI/bge-base-en-v1.5/resolve/main/README.md "HTTP/1.1 307 Temporary Redirect"
23:31:20  INFO      HTTP Request: HEAD https://huggingface.co/api/resolve-cache/models/BAAI/bge-base-en-v1.5/a5beb1e3e68b9ab74eb54cfd186867f64f240e1a/README.md "HTTP/1.1 200 OK"
23:31:20  INFO      HTTP Request: GET https://huggingface.co/api/resolve-cache/models/BAAI/bge-base-en-v1.5/a5beb1e3e68b9ab74eb54cfd186867f64f240e1a/README.md "HTTP/1.1 200 OK"
23:31:20  INFO      HTTP Request: HEAD https://huggingface.co/BAAI/bge-base-en-v1.5/resolve/main/modules.json "HTTP/1.1 307 Temporary Redirect"
23:31:20  INFO      HTTP Request: HEAD https://huggingface.co/api/resolve-cache/models/BAAI/bge-base-en-v1.5/a5beb1e3e68b9ab74eb54cfd186867f64f240e1a/modules.json "HTTP/1.1 200 OK"
23:31:21  INFO      HTTP Request: HEAD https://huggingface.co/BAAI/bge-base-en-v1.5/resolve/main/sentence_bert_config.json "HTTP/1.1 307 Temporary Redirect"
23:31:21  INFO      HTTP Request: HEAD https://huggingface.co/api/resolve-cache/models/BAAI/bge-base-en-v1.5/a5beb1e3e68b9ab74eb54cfd186867f64f240e1a/sentence_bert_config.json "HTTP/1.1 200 OK"
23:31:21  INFO      HTTP Request: GET https://huggingface.co/api/resolve-cache/models/BAAI/bge-base-en-v1.5/a5beb1e3e68b9ab74eb54cfd186867f64f240e1a/sentence_bert_config.json "HTTP/1.1 200 OK"
23:31:22  INFO      HTTP Request: HEAD https://huggingface.co/BAAI/bge-base-en-v1.5/resolve/main/adapter_config.json "HTTP/1.1 404 Not Found"
23:31:22  INFO      HTTP Request: HEAD https://huggingface.co/BAAI/bge-base-en-v1.5/resolve/main/config.json "HTTP/1.1 307 Temporary Redirect"
23:31:22  INFO      HTTP Request: HEAD https://huggingface.co/api/resolve-cache/models/BAAI/bge-base-en-v1.5/a5beb1e3e68b9ab74eb54cfd186867f64f240e1a/config.json "HTTP/1.1 200 OK"
23:31:23  INFO      HTTP Request: GET https://huggingface.co/api/resolve-cache/models/BAAI/bge-base-en-v1.5/a5beb1e3e68b9ab74eb54cfd186867f64f240e1a/config.json "HTTP/1.1 200 OK"
23:31:23  INFO      HTTP Request: HEAD https://huggingface.co/BAAI/bge-base-en-v1.5/resolve/main/adapter_config.json "HTTP/1.1 404 Not Found"
23:31:23  INFO      HTTP Request: HEAD https://huggingface.co/BAAI/bge-base-en-v1.5/resolve/main/config.json "HTTP/1.1 307 Temporary Redirect"
23:31:23  INFO      HTTP Request: HEAD https://huggingface.co/api/resolve-cache/models/BAAI/bge-base-en-v1.5/a5beb1e3e68b9ab74eb54cfd186867f64f240e1a/config.json "HTTP/1.1 200 OK"
23:31:24  INFO      HTTP Request: HEAD https://huggingface.co/BAAI/bge-base-en-v1.5/resolve/main/model.safetensors "HTTP/1.1 302 Found"
23:31:24  INFO      HTTP Request: GET https://huggingface.co/api/models/BAAI/bge-base-en-v1.5/xet-read-token/a5beb1e3e68b9ab74eb54cfd186867f64f240e1a "HTTP/1.1 200 OK"

Loading weights:   0%|          | 0/199 [00:00<?, ?it/s]
Loading weights: 100%|██████████| 199/199 [00:00<00:00, 4453.98it/s]
[1mBertModel LOAD REPORT[0m from: BAAI/bge-base-en-v1.5
Key                     | Status     |  | 
------------------------+------------+--+-
embeddings.position_ids | UNEXPECTED |  | 

Notes:
- UNEXPECTED:	can be ignored when loading from different task/architecture; not ok if you expect identical arch.
23:31:31  INFO      HTTP Request: HEAD https://huggingface.co/BAAI/bge-base-en-v1.5/resolve/main/processor_config.json "HTTP/1.1 404 Not Found"
23:31:31  INFO      HTTP Request: HEAD https://huggingface.co/BAAI/bge-base-en-v1.5/resolve/main/preprocessor_config.json "HTTP/1.1 404 Not Found"
23:31:32  INFO      HTTP Request: HEAD https://huggingface.co/BAAI/bge-base-en-v1.5/resolve/main/video_preprocessor_config.json "HTTP/1.1 404 Not Found"
23:31:32  INFO      HTTP Request: HEAD https://huggingface.co/BAAI/bge-base-en-v1.5/resolve/main/preprocessor_config.json "HTTP/1.1 404 Not Found"
23:31:32  INFO      HTTP Request: HEAD https://huggingface.co/BAAI/bge-base-en-v1.5/resolve/main/tokenizer_config.json "HTTP/1.1 307 Temporary Redirect"
23:31:32  INFO      HTTP Request: HEAD https://huggingface.co/api/resolve-cache/models/BAAI/bge-base-en-v1.5/a5beb1e3e68b9ab74eb54cfd186867f64f240e1a/tokenizer_config.json "HTTP/1.1 200 OK"
23:31:33  INFO      HTTP Request: GET https://huggingface.co/api/resolve-cache/models/BAAI/bge-base-en-v1.5/a5beb1e3e68b9ab74eb54cfd186867f64f240e1a/tokenizer_config.json "HTTP/1.1 200 OK"
23:31:33  INFO      HTTP Request: HEAD https://huggingface.co/BAAI/bge-base-en-v1.5/resolve/main/config.json "HTTP/1.1 307 Temporary Redirect"
23:31:33  INFO      HTTP Request: HEAD https://huggingface.co/api/resolve-cache/models/BAAI/bge-base-en-v1.5/a5beb1e3e68b9ab74eb54cfd186867f64f240e1a/config.json "HTTP/1.1 200 OK"
23:31:33  INFO      HTTP Request: HEAD https://huggingface.co/BAAI/bge-base-en-v1.5/resolve/main/config.json "HTTP/1.1 307 Temporary Redirect"
23:31:33  INFO      HTTP Request: HEAD https://huggingface.co/api/resolve-cache/models/BAAI/bge-base-en-v1.5/a5beb1e3e68b9ab74eb54cfd186867f64f240e1a/config.json "HTTP/1.1 200 OK"
23:31:34  INFO      HTTP Request: HEAD https://huggingface.co/BAAI/bge-base-en-v1.5/resolve/main/tokenizer_config.json "HTTP/1.1 307 Temporary Redirect"
23:31:34  INFO      HTTP Request: HEAD https://huggingface.co/api/resolve-cache/models/BAAI/bge-base-en-v1.5/a5beb1e3e68b9ab74eb54cfd186867f64f240e1a/tokenizer_config.json "HTTP/1.1 200 OK"
23:31:34  INFO      HTTP Request: GET https://huggingface.co/api/models/BAAI/bge-base-en-v1.5/tree/main/additional_chat_templates?recursive=false&expand=false "HTTP/1.1 404 Not Found"
23:31:34  INFO      HTTP Request: GET https://huggingface.co/api/models/BAAI/bge-base-en-v1.5/tree/main?recursive=true&expand=false "HTTP/1.1 200 OK"
23:31:34  INFO      HTTP Request: HEAD https://huggingface.co/BAAI/bge-base-en-v1.5/resolve/main/vocab.txt "HTTP/1.1 307 Temporary Redirect"
23:31:35  INFO      HTTP Request: HEAD https://huggingface.co/api/resolve-cache/models/BAAI/bge-base-en-v1.5/a5beb1e3e68b9ab74eb54cfd186867f64f240e1a/vocab.txt "HTTP/1.1 200 OK"
23:31:35  INFO      HTTP Request: GET https://huggingface.co/api/resolve-cache/models/BAAI/bge-base-en-v1.5/a5beb1e3e68b9ab74eb54cfd186867f64f240e1a/vocab.txt "HTTP/1.1 200 OK"
23:31:35  INFO      HTTP Request: HEAD https://huggingface.co/BAAI/bge-base-en-v1.5/resolve/main/tokenizer.json "HTTP/1.1 307 Temporary Redirect"
23:31:36  INFO      HTTP Request: HEAD https://huggingface.co/api/resolve-cache/models/BAAI/bge-base-en-v1.5/a5beb1e3e68b9ab74eb54cfd186867f64f240e1a/tokenizer.json "HTTP/1.1 200 OK"
23:31:36  INFO      HTTP Request: GET https://huggingface.co/api/resolve-cache/models/BAAI/bge-base-en-v1.5/a5beb1e3e68b9ab74eb54cfd186867f64f240e1a/tokenizer.json "HTTP/1.1 200 OK"
23:31:36  INFO      HTTP Request: HEAD https://huggingface.co/BAAI/bge-base-en-v1.5/resolve/main/added_tokens.json "HTTP/1.1 404 Not Found"
23:31:37  INFO      HTTP Request: HEAD https://huggingface.co/BAAI/bge-base-en-v1.5/resolve/main/special_tokens_map.json "HTTP/1.1 307 Temporary Redirect"
23:31:37  INFO      HTTP Request: HEAD https://huggingface.co/api/resolve-cache/models/BAAI/bge-base-en-v1.5/a5beb1e3e68b9ab74eb54cfd186867f64f240e1a/special_tokens_map.json "HTTP/1.1 200 OK"
23:31:37  INFO      HTTP Request: GET https://huggingface.co/api/resolve-cache/models/BAAI/bge-base-en-v1.5/a5beb1e3e68b9ab74eb54cfd186867f64f240e1a/special_tokens_map.json "HTTP/1.1 200 OK"
23:31:38  INFO      HTTP Request: HEAD https://huggingface.co/BAAI/bge-base-en-v1.5/resolve/main/chat_template.jinja "HTTP/1.1 404 Not Found"
23:31:38  INFO      HTTP Request: HEAD https://huggingface.co/BAAI/bge-base-en-v1.5/resolve/main/1_Pooling/config.json "HTTP/1.1 307 Temporary Redirect"
23:31:38  INFO      HTTP Request: HEAD https://huggingface.co/api/resolve-cache/models/BAAI/bge-base-en-v1.5/a5beb1e3e68b9ab74eb54cfd186867f64f240e1a/1_Pooling%2Fconfig.json "HTTP/1.1 200 OK"
23:31:39  INFO      HTTP Request: GET https://huggingface.co/api/resolve-cache/models/BAAI/bge-base-en-v1.5/a5beb1e3e68b9ab74eb54cfd186867f64f240e1a/1_Pooling%2Fconfig.json "HTTP/1.1 200 OK"
23:31:39  INFO      HTTP Request: GET https://huggingface.co/api/models/BAAI/bge-base-en-v1.5 "HTTP/1.1 200 OK"
23:31:39  INFO        Model loaded in 22.51 s
23:31:39  INFO      
────────────────────────────  Experiment: D1: Caption only  ────────────────────────────
23:31:39  INFO        Encoding 3766 texts  [corpus] …

Batches:   0%|          | 0/15 [00:00<?, ?it/s]
Batches:   7%|▋         | 1/15 [00:01<00:20,  1.46s/it]
Batches:  20%|██        | 3/15 [00:01<00:05,  2.32it/s]
Batches:  33%|███▎      | 5/15 [00:01<00:02,  4.19it/s]
Batches:  53%|█████▎    | 8/15 [00:01<00:00,  7.37it/s]
Batches:  73%|███████▎  | 11/15 [00:01<00:00, 10.85it/s]
Batches:  93%|█████████▎| 14/15 [00:02<00:00, 11.32it/s]
Batches: 100%|██████████| 15/15 [00:02<00:00,  6.78it/s]
23:31:41  INFO        Encoded in 2.26 s  shape=(3766, 768)
23:31:41  INFO        Building FAISS IndexFlatIP  (dim=768, docs=3766) …
23:31:42  INFO        FAISS index built in 0.044 s  (ntotal=3766)
23:31:42  INFO        → Query set: Q1  (3766 queries)
23:31:42  INFO        Encoding 3766 texts  [Q1 queries] …

Batches:   0%|          | 0/15 [00:00<?, ?it/s]
Batches:  13%|█▎        | 2/15 [00:00<00:00, 17.34it/s]
Batches:  27%|██▋       | 4/15 [00:00<00:00, 17.96it/s]
Batches:  40%|████      | 6/15 [00:00<00:00, 18.14it/s]
Batches:  53%|█████▎    | 8/15 [00:00<00:00, 15.59it/s]
Batches:  67%|██████▋   | 10/15 [00:00<00:00, 14.50it/s]
Batches:  80%|████████  | 12/15 [00:00<00:00, 14.84it/s]
Batches:  93%|█████████▎| 14/15 [00:00<00:00, 15.68it/s]
Batches: 100%|██████████| 15/15 [00:00<00:00, 15.98it/s]
23:31:42  INFO        Encoded in 0.97 s  shape=(3766, 768)
23:31:42  INFO        Searching top-100 for 3766 queries …
23:31:43  INFO        Search done in 0.372 s  (0.10 ms/query)
23:31:43  INFO          R@1=0.7934  R@5=0.9981  R@10=1.0000  MRR@10=0.8880  | dupR@10=1.0000  dupMRR@10=0.9207
23:31:43  INFO        → Query set: Q2  (3766 queries)
23:31:43  INFO        Encoding 3766 texts  [Q2 queries] …

Batches:   0%|          | 0/15 [00:00<?, ?it/s]
Batches:  13%|█▎        | 2/15 [00:00<00:00, 17.02it/s]
Batches:  27%|██▋       | 4/15 [00:00<00:00, 18.41it/s]
Batches:  47%|████▋     | 7/15 [00:00<00:00, 19.69it/s]
Batches:  67%|██████▋   | 10/15 [00:00<00:00, 21.39it/s]
Batches:  87%|████████▋ | 13/15 [00:00<00:00, 22.47it/s]
Batches: 100%|██████████| 15/15 [00:00<00:00, 22.01it/s]
23:31:44  INFO        Encoded in 0.70 s  shape=(3766, 768)
23:31:44  INFO        Searching top-100 for 3766 queries …
23:31:44  INFO        Search done in 0.282 s  (0.07 ms/query)
23:31:44  INFO          R@1=0.7616  R@5=0.9819  R@10=0.9918  MRR@10=0.8613  | dupR@10=0.9918  dupMRR@10=0.8926
23:31:44  INFO        → Query set: Q3  (3542 queries)
23:31:44  INFO        Encoding 3542 texts  [Q3 queries] …

Batches:   0%|          | 0/14 [00:00<?, ?it/s]
Batches:   7%|▋         | 1/14 [00:00<00:01,  6.84it/s]
Batches:  21%|██▏       | 3/14 [00:00<00:01,  9.47it/s]
Batches:  36%|███▌      | 5/14 [00:00<00:00, 11.43it/s]
Batches:  50%|█████     | 7/14 [00:00<00:00, 13.31it/s]
Batches:  64%|██████▍   | 9/14 [00:00<00:00, 14.70it/s]
Batches:  86%|████████▌ | 12/14 [00:00<00:00, 16.69it/s]
Batches: 100%|██████████| 14/14 [00:00<00:00, 15.15it/s]
23:31:45  INFO        Encoded in 0.95 s  shape=(3542, 768)
23:31:45  INFO        Searching top-100 for 3542 queries …
23:31:45  INFO        Search done in 0.311 s  (0.09 ms/query)
23:31:45  INFO          R@1=0.3628  R@5=0.5997  R@10=0.6581  MRR@10=0.4631  | dupR@10=0.6601  dupMRR@10=0.4805
23:31:45  INFO      
────────────────────────────  Experiment: D2: Caption + Context  ────────────────────────────
23:31:45  INFO        Encoding 3766 texts  [corpus] …

Batches:   0%|          | 0/15 [00:00<?, ?it/s]
Batches:   7%|▋         | 1/15 [00:01<00:15,  1.14s/it]
Batches:  13%|█▎        | 2/15 [00:01<00:12,  1.03it/s]
Batches:  20%|██        | 3/15 [00:02<00:09,  1.23it/s]
Batches:  27%|██▋       | 4/15 [00:03<00:08,  1.37it/s]
Batches:  33%|███▎      | 5/15 [00:03<00:06,  1.45it/s]
Batches:  40%|████      | 6/15 [00:04<00:06,  1.47it/s]
Batches:  47%|████▋     | 7/15 [00:05<00:05,  1.52it/s]
Batches:  53%|█████▎    | 8/15 [00:05<00:04,  1.60it/s]
Batches:  60%|██████    | 9/15 [00:06<00:03,  1.71it/s]
Batches:  67%|██████▋   | 10/15 [00:06<00:03,  1.66it/s]
Batches:  73%|███████▎  | 11/15 [00:07<00:02,  1.83it/s]
Batches:  80%|████████  | 12/15 [00:07<00:01,  1.97it/s]
Batches:  87%|████████▋ | 13/15 [00:08<00:00,  2.03it/s]
Batches:  93%|█████████▎| 14/15 [00:08<00:00,  2.36it/s]
Batches: 100%|██████████| 15/15 [00:08<00:00,  1.78it/s]
23:31:54  INFO        Encoded in 8.45 s  shape=(3766, 768)
23:31:54  INFO        Building FAISS IndexFlatIP  (dim=768, docs=3766) …
23:31:54  INFO        FAISS index built in 0.009 s  (ntotal=3766)
23:31:54  INFO        → Query set: Q1  (3766 queries)
23:31:54  INFO        Encoding 3766 texts  [Q1 queries] …

Batches:   0%|          | 0/15 [00:00<?, ?it/s]
Batches:  13%|█▎        | 2/15 [00:00<00:00, 13.40it/s]
Batches:  27%|██▋       | 4/15 [00:00<00:00, 13.98it/s]
Batches:  40%|████      | 6/15 [00:00<00:00, 14.47it/s]
Batches:  53%|█████▎    | 8/15 [00:00<00:00, 15.30it/s]
Batches:  67%|██████▋   | 10/15 [00:00<00:00, 16.48it/s]
Batches:  80%|████████  | 12/15 [00:00<00:00, 17.18it/s]
Batches: 100%|██████████| 15/15 [00:00<00:00, 18.96it/s]
Batches: 100%|██████████| 15/15 [00:00<00:00, 16.91it/s]
23:31:55  INFO        Encoded in 0.91 s  shape=(3766, 768)
23:31:55  INFO        Searching top-100 for 3766 queries …
23:31:55  INFO        Search done in 0.290 s  (0.08 ms/query)
23:31:55  INFO          R@1=0.7204  R@5=0.9748  R@10=0.9899  MRR@10=0.8354  | dupR@10=0.9936  dupMRR@10=0.8700
23:31:55  INFO        → Query set: Q2  (3766 queries)
23:31:55  INFO        Encoding 3766 texts  [Q2 queries] …

Batches:   0%|          | 0/15 [00:00<?, ?it/s]
Batches:  13%|█▎        | 2/15 [00:00<00:01, 10.96it/s]
Batches:  27%|██▋       | 4/15 [00:00<00:00, 12.00it/s]
Batches:  40%|████      | 6/15 [00:00<00:00, 12.63it/s]
Batches:  53%|█████▎    | 8/15 [00:00<00:00, 13.62it/s]
Batches:  67%|██████▋   | 10/15 [00:00<00:00, 14.22it/s]
Batches:  80%|████████  | 12/15 [00:00<00:00, 14.78it/s]
Batches:  93%|█████████▎| 14/15 [00:00<00:00, 15.18it/s]
Batches: 100%|██████████| 15/15 [00:01<00:00, 14.43it/s]
23:31:56  INFO        Encoded in 1.06 s  shape=(3766, 768)
23:31:56  INFO        Searching top-100 for 3766 queries …
23:31:56  INFO        Search done in 0.317 s  (0.08 ms/query)
23:31:57  INFO          R@1=0.6614  R@5=0.9331  R@10=0.9586  MRR@10=0.7822  | dupR@10=0.9634  dupMRR@10=0.8137
23:31:57  INFO        → Query set: Q3  (3542 queries)
23:31:57  INFO        Encoding 3542 texts  [Q3 queries] …

Batches:   0%|          | 0/14 [00:00<?, ?it/s]
Batches:   7%|▋         | 1/14 [00:00<00:02,  5.03it/s]
Batches:  14%|█▍        | 2/14 [00:00<00:01,  6.26it/s]
Batches:  21%|██▏       | 3/14 [00:00<00:01,  7.24it/s]
Batches:  29%|██▊       | 4/14 [00:00<00:01,  8.07it/s]
Batches:  36%|███▌      | 5/14 [00:00<00:01,  8.66it/s]
Batches:  50%|█████     | 7/14 [00:01<00:01,  6.66it/s]
Batches:  64%|██████▍   | 9/14 [00:01<00:00,  8.90it/s]
Batches:  79%|███████▊  | 11/14 [00:01<00:00, 10.86it/s]
Batches:  93%|█████████▎| 13/14 [00:01<00:00, 12.71it/s]
Batches: 100%|██████████| 14/14 [00:01<00:00,  9.98it/s]
23:31:58  INFO        Encoded in 1.43 s  shape=(3542, 768)
23:31:58  INFO        Searching top-100 for 3542 queries …
23:31:58  INFO        Search done in 0.304 s  (0.09 ms/query)
23:31:58  INFO          R@1=0.6143  R@5=0.9108  R@10=0.9466  MRR@10=0.7423  | dupR@10=0.9472  dupMRR@10=0.7666
23:31:58  INFO      Report saved → /DATA5/prabhakar/telecom_retrieval/reports/m3_dense_results.json
23:31:58  INFO      ✅  Milestone 3 complete.

==========================================================================================
  MILESTONE 3 — DENSE (BGE-base) vs BM25 BASELINE COMPARISON
  Model: BAAI/bge-base-en-v1.5
==========================================================================================
  Query           Experiment               R@1      R@5     R@10    MRR@10    dupR@10    dupMRR@10
  ------------------------------------------------------------------------------------
   Q1         B1 BM25 (Caption)         0.7966   0.9981   1.0000    0.8903     1.0000       0.9241
   Q1         B2 BM25 (Cap+Ctx)         0.6660   0.9503   0.9796    0.7907     0.9841       0.8239
   Q1         D1 BGE  (Caption)         0.7934   0.9981   1.0000    0.8880     1.0000       0.9207
   Q1         D2 BGE  (Cap+Ctx)         0.7204   0.9748   0.9899    0.8354     0.9936       0.8700
  ------------------------------------------------------------------------------------
   Q2         B1 BM25 (Caption)         0.7568   0.9870   0.9952    0.8609     0.9952       0.8929
   Q2         B2 BM25 (Cap+Ctx)         0.5526   0.8619   0.9055    0.6843     0.9177       0.7140
   Q2         D1 BGE  (Caption)         0.7616   0.9819   0.9918    0.8613     0.9918       0.8926
   Q2         D2 BGE  (Cap+Ctx)         0.6614   0.9331   0.9586    0.7822     0.9634       0.8137
  ------------------------------------------------------------------------------------
   Q3         B1 BM25 (Caption)         0.3001   0.5217   0.5929    0.3965     0.5954       0.4108
   Q3         B2 BM25 (Cap+Ctx)         0.6304   0.9328   0.9706    0.7631     0.9715       0.7870
   Q3         D1 BGE  (Caption)         0.3628   0.5997   0.6581    0.4631     0.6601       0.4805
   Q3         D2 BGE  (Cap+Ctx)         0.6143   0.9108   0.9466    0.7423     0.9472       0.7666
==========================================================================================

  ── Q2 Paraphrase Mismatch Analysis (R@10) ──────────────────────────────
     B1 BM25 Caption  : 0.9952
     B2 BM25 Cap+Ctx  : 0.9055
     D1 BGE  Caption  : 0.9918  (Δ vs B1: -0.0035)
     D2 BGE  Cap+Ctx  : 0.9586  (Δ vs B2: +0.0531)

